0    [main] INFO  org.eclipse.jetty.server.Server  – jetty-8.1.10.v20130312
15   [main] INFO  org.eclipse.jetty.deploy.providers.ScanningAppProvider  – Deployment monitor /home/vagrant/GeoTest/jetty/contexts at interval 0
19   [main] INFO  org.eclipse.jetty.deploy.DeploymentManager  – Deployable added: /home/vagrant/GeoTest/jetty/contexts/solr.xml
56   [main] INFO  org.eclipse.jetty.webapp.WebInfConfiguration  – Extract jar:file:/home/vagrant/GeoTest/jetty/webapps/solr.war!/ to /home/vagrant/GeoTest/jetty/solr-webapp/webapp
1156 [main] INFO  org.eclipse.jetty.webapp.StandardDescriptorProcessor  – NO JSP Support for /solr, did not find org.apache.jasper.servlet.JspServlet
1194 [main] INFO  org.apache.solr.servlet.SolrDispatchFilter  – SolrDispatchFilter.init()
1204 [main] INFO  org.apache.solr.core.SolrResourceLoader  – JNDI not configured for solr (NoInitialContextEx)
1204 [main] INFO  org.apache.solr.core.SolrResourceLoader  – using system property solr.solr.home: /home/vagrant/GeoTest/jetty/solr
1204 [main] INFO  org.apache.solr.core.SolrResourceLoader  – new SolrResourceLoader for directory: '/home/vagrant/GeoTest/jetty/solr/'
1205 [main] INFO  org.apache.solr.core.SolrResourceLoader  – Adding 'file:/home/vagrant/GeoTest/jetty/solr/lib/solr-langid-4.10.3.jar' to classloader
1206 [main] INFO  org.apache.solr.core.SolrResourceLoader  – Adding 'file:/home/vagrant/GeoTest/jetty/solr/lib/solr-analysis-extras-4.10.3.jar' to classloader
1206 [main] INFO  org.apache.solr.core.SolrResourceLoader  – Adding 'file:/home/vagrant/GeoTest/jetty/solr/lib/solr-clustering-4.10.3.jar' to classloader
1209 [main] INFO  org.apache.solr.core.SolrResourceLoader  – Adding 'file:/home/vagrant/GeoTest/jetty/solr/lib/contrib/' to classloader
1311 [main] INFO  org.apache.solr.core.ConfigSolr  – Loading container configuration from /home/vagrant/GeoTest/jetty/solr/solr.xml
1393 [main] INFO  org.apache.solr.core.CoresLocator  – Config-defined core root directory: /home/vagrant/GeoTest/jetty/solr
1398 [main] INFO  org.apache.solr.core.CoreContainer  – New CoreContainer 10460766
1399 [main] INFO  org.apache.solr.core.CoreContainer  – Loading cores into CoreContainer [instanceDir=/home/vagrant/GeoTest/jetty/solr/]
1399 [main] INFO  org.apache.solr.core.CoreContainer  – loading shared library: /home/vagrant/GeoTest/jetty/solr/lib
1399 [main] INFO  org.apache.solr.core.SolrResourceLoader  – Adding 'file:/home/vagrant/GeoTest/jetty/solr/lib/solr-langid-4.10.3.jar' to classloader
1399 [main] INFO  org.apache.solr.core.SolrResourceLoader  – Adding 'file:/home/vagrant/GeoTest/jetty/solr/lib/solr-analysis-extras-4.10.3.jar' to classloader
1399 [main] INFO  org.apache.solr.core.SolrResourceLoader  – Adding 'file:/home/vagrant/GeoTest/jetty/solr/lib/solr-clustering-4.10.3.jar' to classloader
1399 [main] INFO  org.apache.solr.core.SolrResourceLoader  – Adding 'file:/home/vagrant/GeoTest/jetty/solr/lib/contrib/' to classloader
1413 [main] INFO  org.apache.solr.handler.component.HttpShardHandlerFactory  – Setting socketTimeout to: 0
1414 [main] INFO  org.apache.solr.handler.component.HttpShardHandlerFactory  – Setting urlScheme to: null
1416 [main] INFO  org.apache.solr.handler.component.HttpShardHandlerFactory  – Setting connTimeout to: 0
1416 [main] INFO  org.apache.solr.handler.component.HttpShardHandlerFactory  – Setting maxConnectionsPerHost to: 20
1417 [main] INFO  org.apache.solr.handler.component.HttpShardHandlerFactory  – Setting corePoolSize to: 0
1417 [main] INFO  org.apache.solr.handler.component.HttpShardHandlerFactory  – Setting maximumPoolSize to: 2147483647
1418 [main] INFO  org.apache.solr.handler.component.HttpShardHandlerFactory  – Setting maxThreadIdleTime to: 5
1418 [main] INFO  org.apache.solr.handler.component.HttpShardHandlerFactory  – Setting sizeOfQueue to: -1
1418 [main] INFO  org.apache.solr.handler.component.HttpShardHandlerFactory  – Setting fairnessPolicy to: false
1566 [main] INFO  org.apache.solr.update.UpdateShardHandler  – Creating UpdateShardHandler HTTP client with params: socketTimeout=0&connTimeout=0&retry=false
1568 [main] INFO  org.apache.solr.logging.LogWatcher  – SLF4J impl is org.slf4j.impl.Log4jLoggerFactory
1568 [main] INFO  org.apache.solr.logging.LogWatcher  – Registering Log Listener [Log4j (org.slf4j.impl.Log4jLoggerFactory)]
1569 [main] INFO  org.apache.solr.core.CoreContainer  – Host Name: 
1619 [main] INFO  org.apache.solr.core.CoresLocator  – Looking for core definitions underneath /home/vagrant/GeoTest/jetty/solr
1625 [main] INFO  org.apache.solr.core.CoresLocator  – Found core blacklight-core in /home/vagrant/GeoTest/jetty/solr/blacklight-core/
1627 [main] INFO  org.apache.solr.core.CoresLocator  – Found 1 core definitions
1629 [coreLoadExecutor-5-thread-1] INFO  org.apache.solr.core.SolrResourceLoader  – new SolrResourceLoader for directory: '/home/vagrant/GeoTest/jetty/solr/blacklight-core/'
1677 [coreLoadExecutor-5-thread-1] INFO  org.apache.solr.core.SolrConfig  – Using Lucene MatchVersion: 4.7.0
1719 [coreLoadExecutor-5-thread-1] INFO  org.apache.solr.core.Config  – Loaded SolrConfig: solrconfig.xml
1723 [coreLoadExecutor-5-thread-1] INFO  org.apache.solr.schema.IndexSchema  – Reading Solr Schema from /home/vagrant/GeoTest/jetty/solr/blacklight-core/conf/schema.xml
1737 [coreLoadExecutor-5-thread-1] INFO  org.apache.solr.schema.IndexSchema  – [blacklight-core] Schema name=geoblacklight-schema
1836 [coreLoadExecutor-5-thread-1] INFO  org.apache.solr.schema.IndexSchema  – unique key field: uuid
1898 [coreLoadExecutor-5-thread-1] INFO  org.apache.solr.core.CoreContainer  – Creating SolrCore 'blacklight-core' using configuration from instancedir /home/vagrant/GeoTest/jetty/solr/blacklight-core/
1908 [coreLoadExecutor-5-thread-1] INFO  org.apache.solr.core.SolrCore  – solr.NRTCachingDirectoryFactory
1912 [coreLoadExecutor-5-thread-1] INFO  org.apache.solr.core.SolrCore  – [blacklight-core] Opening new SolrCore at /home/vagrant/GeoTest/jetty/solr/blacklight-core/, dataDir=/home/vagrant/GeoTest/jetty/solr/blacklight-core/data/
1912 [coreLoadExecutor-5-thread-1] INFO  org.apache.solr.core.SolrCore  – JMX monitoring not detected for core: blacklight-core
1915 [coreLoadExecutor-5-thread-1] INFO  org.apache.solr.core.SolrCore  – [blacklight-core] Added SolrEventListener for newSearcher: org.apache.solr.core.QuerySenderListener{queries=[{q=stanford}, {q=polygon}]}
1916 [coreLoadExecutor-5-thread-1] INFO  org.apache.solr.core.SolrCore  – [blacklight-core] Added SolrEventListener for firstSearcher: org.apache.solr.core.QuerySenderListener{queries=[{q=static firstSearcher warming in solrconfig.xml}]}
1925 [coreLoadExecutor-5-thread-1] INFO  org.apache.solr.core.CachingDirectoryFactory  – return new directory for /home/vagrant/GeoTest/jetty/solr/blacklight-core/data
1926 [coreLoadExecutor-5-thread-1] INFO  org.apache.solr.core.SolrCore  – New index directory detected: old=null new=/home/vagrant/GeoTest/jetty/solr/blacklight-core/data/index/
1927 [coreLoadExecutor-5-thread-1] WARN  org.apache.solr.core.SolrCore  – [blacklight-core] Solr index directory '/home/vagrant/GeoTest/jetty/solr/blacklight-core/data/index' doesn't exist. Creating new index...
1933 [coreLoadExecutor-5-thread-1] INFO  org.apache.solr.core.CachingDirectoryFactory  – return new directory for /home/vagrant/GeoTest/jetty/solr/blacklight-core/data/index
1956 [coreLoadExecutor-5-thread-1] INFO  org.apache.solr.core.SolrCore  – SolrDeletionPolicy.onCommit: commits: num=1
	commit{dir=NRTCachingDirectory(NIOFSDirectory@/home/vagrant/GeoTest/jetty/solr/blacklight-core/data/index lockFactory=NativeFSLockFactory@/home/vagrant/GeoTest/jetty/solr/blacklight-core/data/index; maxCacheMB=48.0 maxMergeSizeMB=4.0),segFN=segments_1,generation=1}
1957 [coreLoadExecutor-5-thread-1] INFO  org.apache.solr.core.SolrCore  – newest commit generation = 1
1992 [coreLoadExecutor-5-thread-1] INFO  org.apache.solr.core.SolrCore  – no updateRequestProcessorChain defined as default, creating implicit default
1995 [coreLoadExecutor-5-thread-1] INFO  org.apache.solr.core.RequestHandlers  – created /update: org.apache.solr.handler.UpdateRequestHandler
1995 [coreLoadExecutor-5-thread-1] INFO  org.apache.solr.core.RequestHandlers  – created /update/json: org.apache.solr.handler.UpdateRequestHandler
1995 [coreLoadExecutor-5-thread-1] INFO  org.apache.solr.core.RequestHandlers  – created /update/csv: org.apache.solr.handler.UpdateRequestHandler
1995 [coreLoadExecutor-5-thread-1] INFO  org.apache.solr.core.RequestHandlers  – created /update/json/docs: org.apache.solr.handler.UpdateRequestHandler
1996 [coreLoadExecutor-5-thread-1] INFO  org.apache.solr.core.RequestHandlers  – created /get: solr.RealTimeGetHandler
1997 [coreLoadExecutor-5-thread-1] INFO  org.apache.solr.core.RequestHandlers  – adding lazy requestHandler: solr.ReplicationHandler
1997 [coreLoadExecutor-5-thread-1] INFO  org.apache.solr.core.RequestHandlers  – created /replication: solr.ReplicationHandler
1998 [coreLoadExecutor-5-thread-1] INFO  org.apache.solr.core.RequestHandlers  – created /search: solr.SearchHandler
1998 [coreLoadExecutor-5-thread-1] INFO  org.apache.solr.core.RequestHandlers  – created /select: solr.SearchHandler
1999 [coreLoadExecutor-5-thread-1] WARN  org.apache.solr.core.RequestHandlers  – Multiple requestHandler registered to the same name: /update ignoring: org.apache.solr.handler.UpdateRequestHandler
1999 [coreLoadExecutor-5-thread-1] INFO  org.apache.solr.core.RequestHandlers  – created /update: solr.UpdateRequestHandler
2000 [coreLoadExecutor-5-thread-1] INFO  org.apache.solr.core.RequestHandlers  – created /admin/: solr.admin.AdminHandlers
2001 [coreLoadExecutor-5-thread-1] INFO  org.apache.solr.core.RequestHandlers  – created /admin/ping: solr.PingRequestHandler
2001 [coreLoadExecutor-5-thread-1] INFO  org.apache.solr.core.RequestHandlers  – adding lazy requestHandler: solr.FieldAnalysisRequestHandler
2001 [coreLoadExecutor-5-thread-1] INFO  org.apache.solr.core.RequestHandlers  – created /analysis/field: solr.FieldAnalysisRequestHandler
2010 [coreLoadExecutor-5-thread-1] INFO  org.apache.solr.handler.loader.XMLLoader  – xsltCacheLifetimeSeconds=60
2011 [coreLoadExecutor-5-thread-1] INFO  org.apache.solr.handler.loader.XMLLoader  – xsltCacheLifetimeSeconds=60
2013 [coreLoadExecutor-5-thread-1] INFO  org.apache.solr.handler.loader.XMLLoader  – xsltCacheLifetimeSeconds=60
2014 [coreLoadExecutor-5-thread-1] INFO  org.apache.solr.handler.loader.XMLLoader  – xsltCacheLifetimeSeconds=60
2014 [coreLoadExecutor-5-thread-1] INFO  org.apache.solr.handler.loader.XMLLoader  – xsltCacheLifetimeSeconds=60
2023 [coreLoadExecutor-5-thread-1] INFO  org.apache.solr.core.SolrCore  – Hard AutoCommit: if uncommited for 15000ms; 
2023 [coreLoadExecutor-5-thread-1] INFO  org.apache.solr.core.SolrCore  – Soft AutoCommit: disabled
2025 [coreLoadExecutor-5-thread-1] INFO  org.apache.solr.core.SolrCore  – SolrDeletionPolicy.onInit: commits: num=1
	commit{dir=NRTCachingDirectory(NIOFSDirectory@/home/vagrant/GeoTest/jetty/solr/blacklight-core/data/index lockFactory=NativeFSLockFactory@/home/vagrant/GeoTest/jetty/solr/blacklight-core/data/index; maxCacheMB=48.0 maxMergeSizeMB=4.0),segFN=segments_1,generation=1}
2025 [coreLoadExecutor-5-thread-1] INFO  org.apache.solr.core.SolrCore  – newest commit generation = 1
2028 [coreLoadExecutor-5-thread-1] INFO  org.apache.solr.search.SolrIndexSearcher  – Opening Searcher@66b0df[blacklight-core] main
2032 [coreLoadExecutor-5-thread-1] INFO  org.apache.solr.rest.ManagedResourceStorage  – File-based storage initialized to use dir: /home/vagrant/GeoTest/jetty/solr/blacklight-core/conf
2033 [coreLoadExecutor-5-thread-1] INFO  org.apache.solr.rest.RestManager  – Initializing RestManager with initArgs: {storageDir=/home/vagrant/GeoTest/jetty/solr/blacklight-core/conf}
2038 [coreLoadExecutor-5-thread-1] INFO  org.apache.solr.rest.ManagedResourceStorage  – Reading _rest_managed.json using file:dir=/home/vagrant/GeoTest/jetty/solr/blacklight-core/conf
2040 [coreLoadExecutor-5-thread-1] INFO  org.apache.solr.rest.ManagedResourceStorage  – Loaded LinkedHashMap at path _rest_managed.json using file:dir=/home/vagrant/GeoTest/jetty/solr/blacklight-core/conf
2040 [coreLoadExecutor-5-thread-1] INFO  org.apache.solr.rest.ManagedResource  – Loaded initArgs {} for /rest/managed
2040 [coreLoadExecutor-5-thread-1] INFO  org.apache.solr.rest.RestManager  – Initializing 0 registered ManagedResources
2049 [searcherExecutor-6-thread-1] INFO  org.apache.solr.core.SolrCore  – QuerySenderListener sending requests to Searcher@66b0df[blacklight-core] main{StandardDirectoryReader(segments_1:1:nrt)}
2053 [coreLoadExecutor-5-thread-1] INFO  org.apache.solr.core.CoreContainer  – registering core: blacklight-core
2055 [main] INFO  org.apache.solr.servlet.SolrDispatchFilter  – user.dir=/home/vagrant/GeoTest/jetty
2055 [main] INFO  org.apache.solr.servlet.SolrDispatchFilter  – SolrDispatchFilter.init() done
2085 [main] INFO  org.eclipse.jetty.server.AbstractConnector  – Started SocketConnector@0.0.0.0:8983
2149 [searcherExecutor-6-thread-1] INFO  org.apache.solr.core.SolrCore  – UnInverted multi-valued field {field=dct_isPartOf_sm,memSize=4288,tindexSize=0,time=0,phase1=0,nTerms=0,bigTerms=0,termInstances=0,uses=0}
2157 [searcherExecutor-6-thread-1] INFO  org.apache.solr.core.SolrCore  – UnInverted multi-valued field {field=dct_spatial_sm,memSize=4288,tindexSize=0,time=0,phase1=0,nTerms=0,bigTerms=0,termInstances=0,uses=0}
2157 [searcherExecutor-6-thread-1] INFO  org.apache.solr.core.SolrCore  – UnInverted multi-valued field {field=dc_creator_sm,memSize=4288,tindexSize=0,time=0,phase1=0,nTerms=0,bigTerms=0,termInstances=0,uses=0}
2157 [searcherExecutor-6-thread-1] INFO  org.apache.solr.core.SolrCore  – UnInverted multi-valued field {field=dc_subject_sm,memSize=4288,tindexSize=0,time=0,phase1=0,nTerms=0,bigTerms=0,termInstances=0,uses=0}
2160 [searcherExecutor-6-thread-1] INFO  org.apache.solr.core.SolrCore  – [blacklight-core] webapp=null path=null params={event=firstSearcher&q=static+firstSearcher+warming+in+solrconfig.xml&distrib=false} hits=0 status=0 QTime=110 
2160 [searcherExecutor-6-thread-1] INFO  org.apache.solr.core.SolrCore  – QuerySenderListener done.
2160 [searcherExecutor-6-thread-1] INFO  org.apache.solr.core.SolrCore  – [blacklight-core] Registered new searcher Searcher@66b0df[blacklight-core] main{StandardDirectoryReader(segments_1:1:nrt)}
88706 [qtp20932521-13] INFO  org.apache.solr.core.SolrCore  – [blacklight-core] webapp=/solr path=/select params={f.dc_creator_sm.facet.limit=9&f.dc_rights_s.facet.limit=9&facet=true&sort=score+desc,+dc_title_sort+asc&f.solr_year_i.facet.limit=11&f.dc_format_s.facet.limit=9&stats=true&f.dct_provenance_s.facet.limit=9&q.alt=*:*&f.dc_publisher_s.facet.limit=9&wt=ruby&rows=10&f.layer_geom_type_s.facet.limit=9&f.dct_spatial_sm.facet.limit=9&start=0&stats.field=solr_year_i&f.dc_subject_sm.facet.limit=9&f.dct_isPartOf_sm.facet.limit=9&facet.field=dct_provenance_s&facet.field=dc_creator_sm&facet.field=dc_publisher_s&facet.field=dc_subject_sm&facet.field=dct_spatial_sm&facet.field=dct_isPartOf_sm&facet.field=solr_year_i&facet.field=dc_rights_s&facet.field=layer_geom_type_s&facet.field=dc_format_s&qt=search} hits=0 status=0 QTime=5 
133924 [qtp20932521-13] INFO  org.apache.solr.core.SolrCore  – [blacklight-core] webapp=/solr path=/select params={f.dc_creator_sm.facet.limit=9&f.dc_rights_s.facet.limit=9&facet=true&sort=score+desc,+dc_title_sort+asc&f.solr_year_i.facet.limit=11&f.dc_format_s.facet.limit=9&stats=true&f.dct_provenance_s.facet.limit=9&q.alt=*:*&f.dc_publisher_s.facet.limit=9&wt=ruby&rows=10&f.layer_geom_type_s.facet.limit=9&f.dct_spatial_sm.facet.limit=9&start=0&stats.field=solr_year_i&f.dc_subject_sm.facet.limit=9&f.dct_isPartOf_sm.facet.limit=9&facet.field=dct_provenance_s&facet.field=dc_creator_sm&facet.field=dc_publisher_s&facet.field=dc_subject_sm&facet.field=dct_spatial_sm&facet.field=dct_isPartOf_sm&facet.field=solr_year_i&facet.field=dc_rights_s&facet.field=layer_geom_type_s&facet.field=dc_format_s&qt=search} hits=0 status=0 QTime=2 
210341 [qtp20932521-12] INFO  org.apache.solr.core.SolrCore  – [blacklight-core] webapp=/solr path=/select params={f.dc_creator_sm.facet.limit=9&f.dc_rights_s.facet.limit=9&facet=true&sort=score+desc,+dc_title_sort+asc&f.solr_year_i.facet.limit=11&f.dc_format_s.facet.limit=9&stats=true&f.dct_provenance_s.facet.limit=9&q.alt=*:*&f.dc_publisher_s.facet.limit=9&wt=ruby&rows=10&f.layer_geom_type_s.facet.limit=9&f.dct_spatial_sm.facet.limit=9&start=0&stats.field=solr_year_i&q=test&f.dc_subject_sm.facet.limit=9&f.dct_isPartOf_sm.facet.limit=9&facet.field=dct_provenance_s&facet.field=dc_creator_sm&facet.field=dc_publisher_s&facet.field=dc_subject_sm&facet.field=dct_spatial_sm&facet.field=dct_isPartOf_sm&facet.field=solr_year_i&facet.field=dc_rights_s&facet.field=layer_geom_type_s&facet.field=dc_format_s&qt=search} hits=0 status=0 QTime=6 
441173 [qtp20932521-12] INFO  org.apache.solr.schema.SpatialRecursivePrefixTreeFieldType  – location_rpt{class=org.apache.solr.schema.SpatialRecursivePrefixTreeFieldType,analyzer=org.apache.solr.schema.FieldType$DefaultAnalyzer,args={distErrPct=0.025, class=solr.SpatialRecursivePrefixTreeFieldType, maxDistErr=0.000009, units=degrees}} strat: RecursivePrefixTreeStrategy(prefixGridScanLevel:7,SPG:(GeohashPrefixTree(maxLevels:11,ctx:SpatialContext{geo=true, calculator=Haversine, worldBounds=Rect(minX=-180.0,maxX=180.0,minY=-90.0,maxY=90.0)}))) maxLevels: 11
441193 [qtp20932521-12] INFO  org.apache.solr.schema.SpatialRecursivePrefixTreeFieldType  – location_rpt{class=org.apache.solr.schema.SpatialRecursivePrefixTreeFieldType,analyzer=org.apache.solr.schema.FieldType$DefaultAnalyzer,args={distErrPct=0.025, class=solr.SpatialRecursivePrefixTreeFieldType, maxDistErr=0.000009, units=degrees}} strat: RecursivePrefixTreeStrategy(prefixGridScanLevel:7,SPG:(GeohashPrefixTree(maxLevels:11,ctx:SpatialContext{geo=true, calculator=Haversine, worldBounds=Rect(minX=-180.0,maxX=180.0,minY=-90.0,maxY=90.0)}))) maxLevels: 11
441438 [qtp20932521-12] INFO  org.apache.solr.update.processor.LogUpdateProcessor  – [blacklight-core] webapp=/solr path=/update params={wt=ruby} {add=[urn:arrowsmith.mit.edu:MIT.001145244 (1516295228977315840), urn:columbia.edu:Columbia.landinfo_global_aet (1516295229052813312), urn:geodata.tufts.edu:Tufts.CambridgeGrid100_04 (1516295229067493376), http://purl.stanford.edu/dp018hs9766 (1516295229089513472), urn:hul.harvard.edu:HARVARD.SDE2.G7064_S2_1834_K3 (1516295229154525184), http://arks.princeton.edu/ark:/88435/02870w62c (1516295229178642432), urn:arrowsmith.mit.edu:MIT.SDE_DATA.US_MA_E25ZCTA5DCT_2000 (1516295229197516800), http://purl.stanford.edu/cg357zz0321 (1516295229256237056)]} 0 296
441441 [qtp20932521-11] INFO  org.apache.solr.update.UpdateHandler  – start commit{,optimize=false,openSearcher=true,waitSearcher=true,expungeDeletes=false,softCommit=false,prepareCommit=false}
441669 [qtp20932521-11] INFO  org.apache.solr.core.SolrCore  – SolrDeletionPolicy.onCommit: commits: num=2
	commit{dir=NRTCachingDirectory(NIOFSDirectory@/home/vagrant/GeoTest/jetty/solr/blacklight-core/data/index lockFactory=NativeFSLockFactory@/home/vagrant/GeoTest/jetty/solr/blacklight-core/data/index; maxCacheMB=48.0 maxMergeSizeMB=4.0),segFN=segments_1,generation=1}
	commit{dir=NRTCachingDirectory(NIOFSDirectory@/home/vagrant/GeoTest/jetty/solr/blacklight-core/data/index lockFactory=NativeFSLockFactory@/home/vagrant/GeoTest/jetty/solr/blacklight-core/data/index; maxCacheMB=48.0 maxMergeSizeMB=4.0),segFN=segments_2,generation=2}
441669 [qtp20932521-11] INFO  org.apache.solr.core.SolrCore  – newest commit generation = 2
441683 [qtp20932521-11] INFO  org.apache.solr.search.SolrIndexSearcher  – Opening Searcher@1e73c0d[blacklight-core] main
441684 [searcherExecutor-6-thread-1] INFO  org.apache.solr.core.SolrCore  – QuerySenderListener sending requests to Searcher@1e73c0d[blacklight-core] main{StandardDirectoryReader(segments_1:3:nrt _0(4.10.3):C8)}
441690 [qtp20932521-11] INFO  org.apache.solr.update.UpdateHandler  – end_commit_flush
441696 [searcherExecutor-6-thread-1] INFO  org.apache.solr.core.SolrCore  – UnInverted multi-valued field {field=dct_isPartOf_sm,memSize=4288,tindexSize=0,time=0,phase1=0,nTerms=0,bigTerms=0,termInstances=0,uses=0}
441700 [searcherExecutor-6-thread-1] INFO  org.apache.solr.core.SolrCore  – UnInverted multi-valued field {field=dct_spatial_sm,memSize=4383,tindexSize=63,time=0,phase1=0,nTerms=10,bigTerms=0,termInstances=10,uses=0}
441702 [searcherExecutor-6-thread-1] INFO  org.apache.solr.core.SolrCore  – UnInverted multi-valued field {field=dc_creator_sm,memSize=4385,tindexSize=65,time=0,phase1=0,nTerms=5,bigTerms=0,termInstances=5,uses=0}
441705 [searcherExecutor-6-thread-1] INFO  org.apache.solr.core.SolrCore  – UnInverted multi-valued field {field=dc_subject_sm,memSize=4407,tindexSize=51,time=0,phase1=0,nTerms=36,bigTerms=0,termInstances=38,uses=0}
441709 [searcherExecutor-6-thread-1] INFO  org.apache.solr.core.SolrCore  – [blacklight-core] webapp=null path=null params={event=newSearcher&q=stanford&distrib=false} hits=2 status=0 QTime=24 
441715 [searcherExecutor-6-thread-1] INFO  org.apache.solr.core.SolrCore  – [blacklight-core] webapp=null path=null params={event=newSearcher&q=polygon&distrib=false} hits=2 status=0 QTime=4 
441716 [searcherExecutor-6-thread-1] INFO  org.apache.solr.core.SolrCore  – QuerySenderListener done.
441716 [searcherExecutor-6-thread-1] INFO  org.apache.solr.core.SolrCore  – [blacklight-core] Registered new searcher Searcher@1e73c0d[blacklight-core] main{StandardDirectoryReader(segments_1:3:nrt _0(4.10.3):C8)}
441717 [qtp20932521-11] INFO  org.apache.solr.update.processor.LogUpdateProcessor  – [blacklight-core] webapp=/solr path=/update params={wt=ruby} {commit=} 0 277
471230 [qtp20932521-17] INFO  org.apache.solr.core.SolrCore  – [blacklight-core] webapp=/solr path=/select params={f.dc_creator_sm.facet.limit=9&f.dc_rights_s.facet.limit=9&facet=true&sort=score+desc,+dc_title_sort+asc&f.solr_year_i.facet.limit=11&f.dc_format_s.facet.limit=9&stats=true&f.dct_provenance_s.facet.limit=9&q.alt=*:*&f.dc_publisher_s.facet.limit=9&wt=ruby&rows=10&f.layer_geom_type_s.facet.limit=9&f.dct_spatial_sm.facet.limit=9&start=0&stats.field=solr_year_i&f.dc_subject_sm.facet.limit=9&f.dct_isPartOf_sm.facet.limit=9&facet.field=dct_provenance_s&facet.field=dc_creator_sm&facet.field=dc_publisher_s&facet.field=dc_subject_sm&facet.field=dct_spatial_sm&facet.field=dct_isPartOf_sm&facet.field=solr_year_i&facet.field=dc_rights_s&facet.field=layer_geom_type_s&facet.field=dc_format_s&qt=search} hits=8 status=0 QTime=10 
479277 [qtp20932521-10] INFO  org.apache.solr.core.SolrCore  – [blacklight-core] webapp=/solr path=/select params={f.dc_creator_sm.facet.limit=9&f.dc_rights_s.facet.limit=9&facet=true&sort=score+desc,+dc_title_sort+asc&f.solr_year_i.facet.limit=11&f.dc_format_s.facet.limit=9&stats=true&f.dct_provenance_s.facet.limit=9&q.alt=*:*&f.dc_publisher_s.facet.limit=9&wt=ruby&rows=10&f.layer_geom_type_s.facet.limit=9&f.dct_spatial_sm.facet.limit=9&start=0&stats.field=solr_year_i&q=roads&f.dc_subject_sm.facet.limit=9&f.dct_isPartOf_sm.facet.limit=9&facet.field=dct_provenance_s&facet.field=dc_creator_sm&facet.field=dc_publisher_s&facet.field=dc_subject_sm&facet.field=dct_spatial_sm&facet.field=dct_isPartOf_sm&facet.field=solr_year_i&facet.field=dc_rights_s&facet.field=layer_geom_type_s&facet.field=dc_format_s&qt=search} hits=1 status=0 QTime=7 
488459 [qtp20932521-13] INFO  org.apache.solr.core.SolrCore  – [blacklight-core] webapp=/solr path=/select params={id=harvard-g7064-s2-1834-k3&q={!raw+f%3Dlayer_slug_s+v%3D$id}&qt=document&wt=ruby} hits=1 status=0 QTime=2 
488474 [qtp20932521-12] INFO  org.apache.solr.core.SolrCore  – [blacklight-core] webapp=/solr path=/select params={f.dc_creator_sm.facet.limit=9&f.dc_rights_s.facet.limit=9&facet=false&sort=score+desc,+dc_title_sort+asc&f.solr_year_i.facet.limit=11&f.dc_format_s.facet.limit=9&stats=true&f.dct_provenance_s.facet.limit=9&q.alt=*:*&f.dc_publisher_s.facet.limit=9&wt=ruby&rows=2&f.layer_geom_type_s.facet.limit=9&f.dct_spatial_sm.facet.limit=9&fl=*&start=0&stats.field=solr_year_i&q=roads&f.dc_subject_sm.facet.limit=9&f.dct_isPartOf_sm.facet.limit=9&facet.field=dct_provenance_s&facet.field=dc_creator_sm&facet.field=dc_publisher_s&facet.field=dc_subject_sm&facet.field=dct_spatial_sm&facet.field=dct_isPartOf_sm&facet.field=solr_year_i&facet.field=dc_rights_s&facet.field=layer_geom_type_s&facet.field=dc_format_s&qt=search} hits=1 status=0 QTime=5 
560869 [qtp20932521-11] INFO  org.apache.solr.core.SolrCore  – [blacklight-core] webapp=/solr path=/select params={f.dc_creator_sm.facet.limit=9&f.dc_rights_s.facet.limit=9&facet=true&sort=score+desc,+dc_title_sort+asc&f.solr_year_i.facet.limit=11&f.dc_format_s.facet.limit=9&stats=true&f.dct_provenance_s.facet.limit=9&q.alt=*:*&f.dc_publisher_s.facet.limit=9&wt=ruby&rows=10&f.layer_geom_type_s.facet.limit=9&f.dct_spatial_sm.facet.limit=9&start=0&stats.field=solr_year_i&f.dc_subject_sm.facet.limit=9&f.dct_isPartOf_sm.facet.limit=9&facet.field=dct_provenance_s&facet.field=dc_creator_sm&facet.field=dc_publisher_s&facet.field=dc_subject_sm&facet.field=dct_spatial_sm&facet.field=dct_isPartOf_sm&facet.field=solr_year_i&facet.field=dc_rights_s&facet.field=layer_geom_type_s&facet.field=dc_format_s&qt=search&fq={!raw+f%3Ddc_subject_sm}settlements} hits=1 status=0 QTime=4 
563820 [qtp20932521-17] INFO  org.apache.solr.core.SolrCore  – [blacklight-core] webapp=/solr path=/select params={f.dc_creator_sm.facet.limit=9&f.dc_rights_s.facet.limit=9&facet=true&sort=score+desc,+dc_title_sort+asc&f.solr_year_i.facet.limit=11&f.dc_format_s.facet.limit=9&stats=true&f.dct_provenance_s.facet.limit=9&q.alt=*:*&f.dc_publisher_s.facet.limit=9&wt=ruby&rows=10&f.layer_geom_type_s.facet.limit=9&f.dct_spatial_sm.facet.limit=9&bq=solr_geom:"IsWithin(ENVELOPE(29.863586,+31.028137,+60.186598,+59.524569))"^10&start=0&stats.field=solr_year_i&f.dc_subject_sm.facet.limit=9&f.dct_isPartOf_sm.facet.limit=9&facet.field=dct_provenance_s&facet.field=dc_creator_sm&facet.field=dc_publisher_s&facet.field=dc_subject_sm&facet.field=dct_spatial_sm&facet.field=dct_isPartOf_sm&facet.field=solr_year_i&facet.field=dc_rights_s&facet.field=layer_geom_type_s&facet.field=dc_format_s&qt=search&fq={!raw+f%3Ddc_subject_sm}settlements&fq=solr_geom:"Intersects(ENVELOPE(29.863586,+31.028137,+60.186598,+59.524569))"} hits=1 status=0 QTime=11 
564392 [qtp20932521-10] INFO  org.apache.solr.core.SolrCore  – [blacklight-core] webapp=/solr path=/select params={f.dc_creator_sm.facet.limit=9&f.dc_rights_s.facet.limit=9&facet=true&sort=score+desc,+dc_title_sort+asc&f.solr_year_i.facet.limit=11&f.dc_format_s.facet.limit=9&stats=true&f.dct_provenance_s.facet.limit=9&q.alt=*:*&f.dc_publisher_s.facet.limit=9&wt=ruby&rows=10&f.layer_geom_type_s.facet.limit=9&f.dct_spatial_sm.facet.limit=9&start=0&stats.field=solr_year_i&f.dc_subject_sm.facet.limit=9&f.dct_isPartOf_sm.facet.limit=9&facet.field=dct_provenance_s&facet.field=dc_creator_sm&facet.field=dc_publisher_s&facet.field=dc_subject_sm&facet.field=dct_spatial_sm&facet.field=dct_isPartOf_sm&facet.field=solr_year_i&facet.field=dc_rights_s&facet.field=layer_geom_type_s&facet.field=dc_format_s&qt=search&fq={!raw+f%3Ddc_subject_sm}settlements&fq={!raw+f%3Ddc_subject_sm}Human} hits=1 status=0 QTime=3 
570432 [qtp20932521-18] INFO  org.apache.solr.core.SolrCore  – [blacklight-core] webapp=/solr path=/select params={f.dc_creator_sm.facet.limit=9&f.dc_rights_s.facet.limit=9&facet=true&sort=score+desc,+dc_title_sort+asc&f.solr_year_i.facet.limit=11&f.dc_format_s.facet.limit=9&stats=true&f.dct_provenance_s.facet.limit=9&q.alt=*:*&f.dc_publisher_s.facet.limit=9&wt=ruby&rows=10&f.layer_geom_type_s.facet.limit=9&f.dct_spatial_sm.facet.limit=9&start=0&stats.field=solr_year_i&f.dc_subject_sm.facet.limit=9&f.dct_isPartOf_sm.facet.limit=9&facet.field=dct_provenance_s&facet.field=dc_creator_sm&facet.field=dc_publisher_s&facet.field=dc_subject_sm&facet.field=dct_spatial_sm&facet.field=dct_isPartOf_sm&facet.field=solr_year_i&facet.field=dc_rights_s&facet.field=layer_geom_type_s&facet.field=dc_format_s&qt=search} hits=8 status=0 QTime=2 
573864 [qtp20932521-9] INFO  org.apache.solr.core.SolrCore  – [blacklight-core] webapp=/solr path=/select params={f.dc_creator_sm.facet.limit=9&f.dc_rights_s.facet.limit=9&facet=true&sort=score+desc,+dc_title_sort+asc&f.solr_year_i.facet.limit=11&f.dc_format_s.facet.limit=9&stats=true&f.dct_provenance_s.facet.limit=9&q.alt=*:*&f.dc_publisher_s.facet.limit=9&wt=ruby&rows=10&f.layer_geom_type_s.facet.limit=9&f.dct_spatial_sm.facet.limit=9&start=0&stats.field=solr_year_i&f.dc_subject_sm.facet.limit=9&f.dct_isPartOf_sm.facet.limit=9&facet.field=dct_provenance_s&facet.field=dc_creator_sm&facet.field=dc_publisher_s&facet.field=dc_subject_sm&facet.field=dct_spatial_sm&facet.field=dct_isPartOf_sm&facet.field=solr_year_i&facet.field=dc_rights_s&facet.field=layer_geom_type_s&facet.field=dc_format_s&qt=search&fq={!raw+f%3Ddct_spatial_sm}Elkhorn+Slough+(Calif.)} hits=1 status=0 QTime=2 
577325 [qtp20932521-14] INFO  org.apache.solr.core.SolrCore  – [blacklight-core] webapp=/solr path=/select params={f.dc_creator_sm.facet.limit=9&f.dc_rights_s.facet.limit=9&facet=true&sort=score+desc,+dc_title_sort+asc&f.solr_year_i.facet.limit=11&f.dc_format_s.facet.limit=9&stats=true&f.dct_provenance_s.facet.limit=9&q.alt=*:*&f.dc_publisher_s.facet.limit=9&wt=ruby&rows=10&f.layer_geom_type_s.facet.limit=9&f.dct_spatial_sm.facet.limit=9&bq=solr_geom:"IsWithin(ENVELOPE(-121.814003,+-121.668434,+36.874128,+36.742186))"^10&start=0&stats.field=solr_year_i&f.dc_subject_sm.facet.limit=9&f.dct_isPartOf_sm.facet.limit=9&facet.field=dct_provenance_s&facet.field=dc_creator_sm&facet.field=dc_publisher_s&facet.field=dc_subject_sm&facet.field=dct_spatial_sm&facet.field=dct_isPartOf_sm&facet.field=solr_year_i&facet.field=dc_rights_s&facet.field=layer_geom_type_s&facet.field=dc_format_s&qt=search&fq={!raw+f%3Ddct_spatial_sm}Elkhorn+Slough+(Calif.)&fq=solr_geom:"Intersects(ENVELOPE(-121.814003,+-121.668434,+36.874128,+36.742186))"} hits=1 status=0 QTime=15 
643208 [qtp20932521-16] INFO  org.apache.solr.core.SolrCore  – [blacklight-core] webapp=/solr path=/select params={f.dc_creator_sm.facet.limit=9&f.dc_rights_s.facet.limit=9&facet=true&sort=score+desc,+dc_title_sort+asc&f.solr_year_i.facet.limit=11&f.dc_format_s.facet.limit=9&stats=true&f.dct_provenance_s.facet.limit=9&q.alt=*:*&f.dc_publisher_s.facet.limit=9&wt=ruby&rows=10&f.layer_geom_type_s.facet.limit=9&f.dct_spatial_sm.facet.limit=9&start=0&stats.field=solr_year_i&f.dc_subject_sm.facet.limit=9&f.dct_isPartOf_sm.facet.limit=9&facet.field=dct_provenance_s&facet.field=dc_creator_sm&facet.field=dc_publisher_s&facet.field=dc_subject_sm&facet.field=dct_spatial_sm&facet.field=dct_isPartOf_sm&facet.field=solr_year_i&facet.field=dc_rights_s&facet.field=layer_geom_type_s&facet.field=dc_format_s&qt=search&fq={!raw+f%3Ddct_spatial_sm}Elkhorn+Slough+(Calif.)} hits=1 status=0 QTime=2 
645421 [qtp20932521-13] INFO  org.apache.solr.core.SolrCore  – [blacklight-core] webapp=/solr path=/select params={f.dc_creator_sm.facet.limit=9&f.dc_rights_s.facet.limit=9&facet=true&sort=score+desc,+dc_title_sort+asc&f.solr_year_i.facet.limit=11&f.dc_format_s.facet.limit=9&stats=true&f.dct_provenance_s.facet.limit=9&q.alt=*:*&f.dc_publisher_s.facet.limit=9&wt=ruby&rows=10&f.layer_geom_type_s.facet.limit=9&f.dct_spatial_sm.facet.limit=9&start=0&stats.field=solr_year_i&f.dc_subject_sm.facet.limit=9&f.dct_isPartOf_sm.facet.limit=9&facet.field=dct_provenance_s&facet.field=dc_creator_sm&facet.field=dc_publisher_s&facet.field=dc_subject_sm&facet.field=dct_spatial_sm&facet.field=dct_isPartOf_sm&facet.field=solr_year_i&facet.field=dc_rights_s&facet.field=layer_geom_type_s&facet.field=dc_format_s&qt=search} hits=8 status=0 QTime=3 
